nohup: ignoring input
[INFO] API List 余额监控已启动...
[INFO] 监控账户数: 6
[INFO] 当前时间：2026-01-14 10:47:18，下一次执行时间：2026-01-15 08:00:00，休眠 76361 秒...
[INFO] 开始执行 API 余额检查...
[DEBUG] 准备调用 send_feishu_report，共 8 行
[DEBUG] 正在发送飞书请求 (第 1 次)，Payload大小: 585 字符
[INFO] 已发送飞书通知，响应: {'StatusCode': 0, 'StatusMessage': 'success', 'code': 0, 'data': {}, 'msg': 'success'}
[INFO] 当前时间：2026-01-15 08:00:08，下一次执行时间：2026-01-16 08:00:00，休眠 86391 秒...
[INFO] 开始执行 API 余额检查...
[DEBUG] 准备调用 send_feishu_report，共 8 行
[DEBUG] 正在发送飞书请求 (第 1 次)，Payload大小: 586 字符
[ERROR] 飞书业务报错: {'code': 11232, 'data': {}, 'msg': 'frequency limited psm[lark.oapi.app_platform_runtime]appID[1500]'}
[WARN] 飞书发送失败，2 秒后重试...
[DEBUG] 正在发送飞书请求 (第 2 次)，Payload大小: 586 字符
[ERROR] 飞书业务报错: {'code': 11232, 'data': {}, 'msg': 'frequency limited psm[lark.oapi.app_platform_runtime]appID[1500]'}
[WARN] 飞书发送失败，4 秒后重试...
[DEBUG] 正在发送飞书请求 (第 3 次)，Payload大小: 586 字符
[INFO] 已发送飞书通知，响应: {'StatusCode': 0, 'StatusMessage': 'success', 'code': 0, 'data': {}, 'msg': 'success'}
[INFO] 当前时间：2026-01-16 08:00:20，下一次执行时间：2026-01-17 08:00:00，休眠 86379 秒...
[INFO] 开始执行 API 余额检查...
[DEBUG] 准备调用 send_feishu_report，共 8 行
[DEBUG] 正在发送飞书请求 (第 1 次)，Payload大小: 587 字符
[INFO] 已发送飞书通知，响应: {'StatusCode': 0, 'StatusMessage': 'success', 'code': 0, 'data': {}, 'msg': 'success'}
[INFO] 当前时间：2026-01-17 08:00:09，下一次执行时间：2026-01-18 08:00:00，休眠 86390 秒...
[INFO] 开始执行 API 余额检查...
[DEBUG] 准备调用 send_feishu_report，共 8 行
[DEBUG] 正在发送飞书请求 (第 1 次)，Payload大小: 586 字符
[INFO] 已发送飞书通知，响应: {'StatusCode': 0, 'StatusMessage': 'success', 'code': 0, 'data': {}, 'msg': 'success'}
[INFO] 当前时间：2026-01-18 08:00:06，下一次执行时间：2026-01-19 08:00:00，休眠 86393 秒...
[INFO] 开始执行 API 余额检查...
[DEBUG] 准备调用 send_feishu_report，共 8 行
[DEBUG] 正在发送飞书请求 (第 1 次)，Payload大小: 587 字符
[ERROR] 飞书业务报错: {'code': 11232, 'data': {}, 'msg': 'frequency limited psm[lark.oapi.app_platform_runtime]appID[1500]'}
[WARN] 飞书发送失败，2 秒后重试...
[DEBUG] 正在发送飞书请求 (第 2 次)，Payload大小: 587 字符
[INFO] 已发送飞书通知，响应: {'StatusCode': 0, 'StatusMessage': 'success', 'code': 0, 'data': {}, 'msg': 'success'}
[INFO] 当前时间：2026-01-19 08:00:11，下一次执行时间：2026-01-20 08:00:00，休眠 86388 秒...
